ISim log file
Running: /home/ise/Downloads/Lab2 - Pipelined with Forwarding/TopLevel_TB_isim_beh.exe -intstyle ise -gui -tclbatch isim.cmd -wdb /home/ise/Downloads/Lab2 - Pipelined with Forwarding/TopLevel_TB_isim_beh.wdb 
ISim P.20160913 (signature 0xfbc00daa)
----------------------------------------------------------------------
WARNING:Security:42 - Your software subscription period has lapsed. Your current version of Xilinx tools will continue to function, but you no longer qualify for Xilinx software updates or new releases.


----------------------------------------------------------------------
This is a Full version of ISim.
Time resolution is 1 ps
# onerror resume
# wave add /
# run 1000 ns
Simulator is doing circuit initialization process.
at 0 ps, Instance /toplevel_tb/uut/IMemory/ : Warning: There is an 'U'|'X'|'W'|'Z'|'-' in an arithmetic operand, the result will be 'X'(es).
at 0 ps, Instance /toplevel_tb/uut/IMemory/ : Warning: CONV_INTEGER: There is an 'U'|'X'|'W'|'Z'|'-' in an arithmetic operand, and it has been converted to 0.
at 0 ps, Instance /toplevel_tb/uut/RegFile/ : Warning: CONV_INTEGER: There is an 'U'|'X'|'W'|'Z'|'-' in an arithmetic operand, and it has been converted to 0.
at 0 ps, Instance /toplevel_tb/uut/RegFile/ : Warning: CONV_INTEGER: There is an 'U'|'X'|'W'|'Z'|'-' in an arithmetic operand, and it has been converted to 0.
at 0 ps, Instance /toplevel_tb/uut/ArithLogicUnit/ : Warning: CONV_INTEGER: There is an 'U'|'X'|'W'|'Z'|'-' in an arithmetic operand, and it has been converted to 0.
at 0 ps, Instance /toplevel_tb/uut/ArithLogicUnit/ : Warning: NUMERIC_STD."<": metavalue detected, returning FALSE
at 0 ps, Instance /toplevel_tb/uut/DMemory/ : Warning: CONV_INTEGER: There is an 'U'|'X'|'W'|'Z'|'-' in an arithmetic operand, and it has been converted to 0.
Finished circuit initialization process.
at 0 ps, Instance /toplevel_tb/uut/ArithLogicUnit/ : Warning: CONV_INTEGER: There is an 'U'|'X'|'W'|'Z'|'-' in an arithmetic operand, and it has been converted to 0.
at 0 ps, Instance /toplevel_tb/uut/ArithLogicUnit/ : Warning: NUMERIC_STD."<": metavalue detected, returning FALSE
at 0 ps, Instance /toplevel_tb/uut/ArithLogicUnit/ : Warning: CONV_INTEGER: There is an 'U'|'X'|'W'|'Z'|'-' in an arithmetic operand, and it has been converted to 0.
at 0 ps, Instance /toplevel_tb/uut/ArithLogicUnit/ : Warning: NUMERIC_STD."<": metavalue detected, returning FALSE
at 35 ns(5), Instance /toplevel_tb/uut/ArithLogicUnit/ : Warning: NUMERIC_STD."<": metavalue detected, returning FALSE
ISim P.20160913 (signature 0xfbc00daa)
----------------------------------------------------------------------
WARNING:Security:42 - Your software subscription period has lapsed. Your current version of Xilinx tools will continue to function, but you no longer qualify for Xilinx software updates or new releases.


----------------------------------------------------------------------
This is a Full version of ISim.
# run 1000 ns
Simulator is doing circuit initialization process.
at 0 ps, Instance /toplevel_tb/uut/IMemory/ : Warning: There is an 'U'|'X'|'W'|'Z'|'-' in an arithmetic operand, the result will be 'X'(es).
at 0 ps, Instance /toplevel_tb/uut/IMemory/ : Warning: CONV_INTEGER: There is an 'U'|'X'|'W'|'Z'|'-' in an arithmetic operand, and it has been converted to 0.
at 0 ps, Instance /toplevel_tb/uut/RegFile/ : Warning: CONV_INTEGER: There is an 'U'|'X'|'W'|'Z'|'-' in an arithmetic operand, and it has been converted to 0.
at 0 ps, Instance /toplevel_tb/uut/RegFile/ : Warning: CONV_INTEGER: There is an 'U'|'X'|'W'|'Z'|'-' in an arithmetic operand, and it has been converted to 0.
at 0 ps, Instance /toplevel_tb/uut/ArithLogicUnit/ : Warning: CONV_INTEGER: There is an 'U'|'X'|'W'|'Z'|'-' in an arithmetic operand, and it has been converted to 0.
at 0 ps, Instance /toplevel_tb/uut/ArithLogicUnit/ : Warning: NUMERIC_STD."<": metavalue detected, returning FALSE
at 0 ps, Instance /toplevel_tb/uut/DMemory/ : Warning: CONV_INTEGER: There is an 'U'|'X'|'W'|'Z'|'-' in an arithmetic operand, and it has been converted to 0.
Finished circuit initialization process.
at 0 ps, Instance /toplevel_tb/uut/ArithLogicUnit/ : Warning: CONV_INTEGER: There is an 'U'|'X'|'W'|'Z'|'-' in an arithmetic operand, and it has been converted to 0.
at 0 ps, Instance /toplevel_tb/uut/ArithLogicUnit/ : Warning: NUMERIC_STD."<": metavalue detected, returning FALSE
at 0 ps, Instance /toplevel_tb/uut/ArithLogicUnit/ : Warning: CONV_INTEGER: There is an 'U'|'X'|'W'|'Z'|'-' in an arithmetic operand, and it has been converted to 0.
at 0 ps, Instance /toplevel_tb/uut/ArithLogicUnit/ : Warning: NUMERIC_STD."<": metavalue detected, returning FALSE
at 35 ns(5), Instance /toplevel_tb/uut/ArithLogicUnit/ : Warning: NUMERIC_STD."<": metavalue detected, returning FALSE
# exit 0
